<?xml version="1.0" encoding="UTF-8"?>
<testng-results ignored="0" total="4" passed="4" failed="0" skipped="0">
  <reporter-output>
  </reporter-output>
  <suite started-at="2022-10-19T15:56:56 IST" name="Suite" finished-at="2022-10-19T15:59:50 IST" duration-ms="173632">
    <groups>
    </groups>
    <test started-at="2022-10-19T15:56:56 IST" name="Admin Login Test" finished-at="2022-10-19T15:58:34 IST" duration-ms="97896">
      <class name="com.rll.testing.AdminLoginTest">
        <test-method is-config="true" signature="beforeMethod()[pri:0, instance:com.rll.testing.AdminLoginTest@2cd2a21f]" started-at="2022-10-19T15:56:56 IST" name="beforeMethod" finished-at="2022-10-19T15:57:11 IST" duration-ms="14434" status="PASS">
          <reporter-output>
          </reporter-output>
        </test-method> <!-- beforeMethod -->
        <test-method signature="AdminLoginTest()[pri:0, instance:com.rll.testing.AdminLoginTest@2cd2a21f]" started-at="2022-10-19T15:57:11 IST" name="AdminLoginTest" finished-at="2022-10-19T15:57:34 IST" duration-ms="22904" status="PASS">
          <reporter-output>
          </reporter-output>
        </test-method> <!-- AdminLoginTest -->
        <test-method is-config="true" signature="afterMethod()[pri:0, instance:com.rll.testing.AdminLoginTest@2cd2a21f]" started-at="2022-10-19T15:57:34 IST" name="afterMethod" finished-at="2022-10-19T15:58:34 IST" duration-ms="60427" status="PASS">
          <reporter-output>
          </reporter-output>
        </test-method> <!-- afterMethod -->
      </class> <!-- com.rll.testing.AdminLoginTest -->
    </test> <!-- Admin Login Test -->
    <test started-at="2022-10-19T15:58:34 IST" name="User Login Test" finished-at="2022-10-19T15:59:11 IST" duration-ms="36315">
      <class name="com.rll.testing.UserLoginTest">
        <test-method is-config="true" signature="beforeMethod()[pri:0, instance:com.rll.testing.UserLoginTest@22e357dc]" started-at="2022-10-19T15:58:34 IST" name="beforeMethod" finished-at="2022-10-19T15:58:40 IST" duration-ms="5833" status="PASS">
          <reporter-output>
          </reporter-output>
        </test-method> <!-- beforeMethod -->
        <test-method signature="UserLoginTest()[pri:0, instance:com.rll.testing.UserLoginTest@22e357dc]" started-at="2022-10-19T15:58:40 IST" name="UserLoginTest" finished-at="2022-10-19T15:58:56 IST" duration-ms="15397" status="PASS">
          <reporter-output>
          </reporter-output>
        </test-method> <!-- UserLoginTest -->
        <test-method is-config="true" signature="afterMethod()[pri:0, instance:com.rll.testing.UserLoginTest@22e357dc]" started-at="2022-10-19T15:58:56 IST" name="afterMethod" finished-at="2022-10-19T15:59:11 IST" duration-ms="15065" status="PASS">
          <reporter-output>
          </reporter-output>
        </test-method> <!-- afterMethod -->
      </class> <!-- com.rll.testing.UserLoginTest -->
    </test> <!-- User Login Test -->
    <test started-at="2022-10-19T15:59:11 IST" name="Performance and Load Time Test" finished-at="2022-10-19T15:59:23 IST" duration-ms="11853">
      <class name="com.rll.testing.PerformanceLoadTime">
        <test-method is-config="true" signature="beforeMethod()[pri:0, instance:com.rll.testing.PerformanceLoadTime@6a84a97d]" started-at="2022-10-19T15:59:11 IST" name="beforeMethod" finished-at="2022-10-19T15:59:18 IST" duration-ms="6792" status="PASS">
          <reporter-output>
          </reporter-output>
        </test-method> <!-- beforeMethod -->
        <test-method signature="performanceloadtime()[pri:0, instance:com.rll.testing.PerformanceLoadTime@6a84a97d]" started-at="2022-10-19T15:59:18 IST" name="performanceloadtime" finished-at="2022-10-19T15:59:21 IST" duration-ms="3565" status="PASS">
          <reporter-output>
          </reporter-output>
        </test-method> <!-- performanceloadtime -->
        <test-method is-config="true" signature="afterMethod()[pri:0, instance:com.rll.testing.PerformanceLoadTime@6a84a97d]" started-at="2022-10-19T15:59:21 IST" name="afterMethod" finished-at="2022-10-19T15:59:23 IST" duration-ms="1485" status="PASS">
          <reporter-output>
          </reporter-output>
        </test-method> <!-- afterMethod -->
      </class> <!-- com.rll.testing.PerformanceLoadTime -->
    </test> <!-- Performance and Load Time Test -->
    <test started-at="2022-10-19T15:59:23 IST" name="Resolution  Test" finished-at="2022-10-19T15:59:50 IST" duration-ms="27239">
      <class name="com.rll.testing.ReolutionTest">
        <test-method is-config="true" signature="beforeMethod()[pri:0, instance:com.rll.testing.ReolutionTest@932bc4a]" started-at="2022-10-19T15:59:23 IST" name="beforeMethod" finished-at="2022-10-19T15:59:30 IST" duration-ms="6960" status="PASS">
          <reporter-output>
          </reporter-output>
        </test-method> <!-- beforeMethod -->
        <test-method signature="resolutionTest()[pri:0, instance:com.rll.testing.ReolutionTest@932bc4a]" started-at="2022-10-19T15:59:30 IST" name="resolutionTest" finished-at="2022-10-19T15:59:40 IST" duration-ms="10564" status="PASS">
          <reporter-output>
          </reporter-output>
        </test-method> <!-- resolutionTest -->
        <test-method is-config="true" signature="afterMethod()[pri:0, instance:com.rll.testing.ReolutionTest@932bc4a]" started-at="2022-10-19T15:59:40 IST" name="afterMethod" finished-at="2022-10-19T15:59:50 IST" duration-ms="9709" status="PASS">
          <reporter-output>
          </reporter-output>
        </test-method> <!-- afterMethod -->
      </class> <!-- com.rll.testing.ReolutionTest -->
    </test> <!-- Resolution  Test -->
  </suite> <!-- Suite -->
</testng-results>
