<?xml version="1.0" encoding="UTF-8"?>
<testng-results skipped="0" failed="0" ignored="0" total="1" passed="1">
  <reporter-output>
  </reporter-output>
  <suite name="Default suite" duration-ms="19994" started-at="2022-10-26T17:16:44 IST" finished-at="2022-10-26T17:17:04 IST">
    <groups>
    </groups>
    <test name="Default test" duration-ms="19994" started-at="2022-10-26T17:16:44 IST" finished-at="2022-10-26T17:17:04 IST">
      <class name="com.testing.AdminLoginPageTesting">
        <test-method status="PASS" signature="beforeMethod()[pri:0, instance:com.testing.AdminLoginPageTesting@612679d6]" name="beforeMethod" is-config="true" duration-ms="6692" started-at="2022-10-26T17:16:44 IST" finished-at="2022-10-26T17:16:51 IST">
          <reporter-output>
          </reporter-output>
        </test-method> <!-- beforeMethod -->
        <test-method status="PASS" signature="AdminLoginTest()[pri:0, instance:com.testing.AdminLoginPageTesting@612679d6]" name="AdminLoginTest" duration-ms="13239" started-at="2022-10-26T17:16:51 IST" finished-at="2022-10-26T17:17:04 IST">
          <reporter-output>
          </reporter-output>
        </test-method> <!-- AdminLoginTest -->
      </class> <!-- com.testing.AdminLoginPageTesting -->
    </test> <!-- Default test -->
  </suite> <!-- Default suite -->
</testng-results>
